<!DOCTYPE html>
<html>
  <head>
    <meta charset="utf-8"/>
    <title>Test Report</title>
    <link href="assets/style.css" rel="stylesheet" type="text/css"/></head>
  <body onLoad="init()">
    <script>/* This Source Code Form is subject to the terms of the Mozilla Public
 * License, v. 2.0. If a copy of the MPL was not distributed with this file,
 * You can obtain one at http://mozilla.org/MPL/2.0/. */


function toArray(iter) {
    if (iter === null) {
        return null;
    }
    return Array.prototype.slice.call(iter);
}

function find(selector, elem) {
    if (!elem) {
        elem = document;
    }
    return elem.querySelector(selector);
}

function find_all(selector, elem) {
    if (!elem) {
        elem = document;
    }
    return toArray(elem.querySelectorAll(selector));
}

function sort_column(elem) {
    toggle_sort_states(elem);
    var colIndex = toArray(elem.parentNode.childNodes).indexOf(elem);
    var key;
    if (elem.classList.contains('numeric')) {
        key = key_num;
    } else if (elem.classList.contains('result')) {
        key = key_result;
    } else {
        key = key_alpha;
    }
    sort_table(elem, key(colIndex));
}

function show_all_extras() {
    find_all('.col-result').forEach(show_extras);
}

function hide_all_extras() {
    find_all('.col-result').forEach(hide_extras);
}

function show_extras(colresult_elem) {
    var extras = colresult_elem.parentNode.nextElementSibling;
    var expandcollapse = colresult_elem.firstElementChild;
    extras.classList.remove("collapsed");
    expandcollapse.classList.remove("expander");
    expandcollapse.classList.add("collapser");
}

function hide_extras(colresult_elem) {
    var extras = colresult_elem.parentNode.nextElementSibling;
    var expandcollapse = colresult_elem.firstElementChild;
    extras.classList.add("collapsed");
    expandcollapse.classList.remove("collapser");
    expandcollapse.classList.add("expander");
}

function show_filters() {
    var filter_items = document.getElementsByClassName('filter');
    for (var i = 0; i < filter_items.length; i++)
        filter_items[i].hidden = false;
}

function add_collapse() {
    // Add links for show/hide all
    var resulttable = find('table#results-table');
    var showhideall = document.createElement("p");
    showhideall.innerHTML = '<a href="javascript:show_all_extras()">Show all details</a> / ' +
                            '<a href="javascript:hide_all_extras()">Hide all details</a>';
    resulttable.parentElement.insertBefore(showhideall, resulttable);

    // Add show/hide link to each result
    find_all('.col-result').forEach(function(elem) {
        var collapsed = get_query_parameter('collapsed') || 'Passed';
        var extras = elem.parentNode.nextElementSibling;
        var expandcollapse = document.createElement("span");
        if (collapsed.includes(elem.innerHTML)) {
            extras.classList.add("collapsed");
            expandcollapse.classList.add("expander");
        } else {
            expandcollapse.classList.add("collapser");
        }
        elem.appendChild(expandcollapse);

        elem.addEventListener("click", function(event) {
            if (event.currentTarget.parentNode.nextElementSibling.classList.contains("collapsed")) {
                show_extras(event.currentTarget);
            } else {
                hide_extras(event.currentTarget);
            }
        });
    })
}

function get_query_parameter(name) {
    var match = RegExp('[?&]' + name + '=([^&]*)').exec(window.location.search);
    return match && decodeURIComponent(match[1].replace(/\+/g, ' '));
}

function init () {
    reset_sort_headers();

    add_collapse();

    show_filters();

    toggle_sort_states(find('.initial-sort'));

    find_all('.sortable').forEach(function(elem) {
        elem.addEventListener("click",
                              function(event) {
                                  sort_column(elem);
                              }, false)
    });

};

function sort_table(clicked, key_func) {
    var rows = find_all('.results-table-row');
    var reversed = !clicked.classList.contains('asc');
    var sorted_rows = sort(rows, key_func, reversed);
    /* Whole table is removed here because browsers acts much slower
     * when appending existing elements.
     */
    var thead = document.getElementById("results-table-head");
    document.getElementById('results-table').remove();
    var parent = document.createElement("table");
    parent.id = "results-table";
    parent.appendChild(thead);
    sorted_rows.forEach(function(elem) {
        parent.appendChild(elem);
    });
    document.getElementsByTagName("BODY")[0].appendChild(parent);
}

function sort(items, key_func, reversed) {
    var sort_array = items.map(function(item, i) {
        return [key_func(item), i];
    });
    var multiplier = reversed ? -1 : 1;

    sort_array.sort(function(a, b) {
        var key_a = a[0];
        var key_b = b[0];
        return multiplier * (key_a >= key_b ? 1 : -1);
    });

    return sort_array.map(function(item) {
        var index = item[1];
        return items[index];
    });
}

function key_alpha(col_index) {
    return function(elem) {
        return elem.childNodes[1].childNodes[col_index].firstChild.data.toLowerCase();
    };
}

function key_num(col_index) {
    return function(elem) {
        return parseFloat(elem.childNodes[1].childNodes[col_index].firstChild.data);
    };
}

function key_result(col_index) {
    return function(elem) {
        var strings = ['Error', 'Failed', 'Rerun', 'XFailed', 'XPassed',
                       'Skipped', 'Passed'];
        return strings.indexOf(elem.childNodes[1].childNodes[col_index].firstChild.data);
    };
}

function reset_sort_headers() {
    find_all('.sort-icon').forEach(function(elem) {
        elem.parentNode.removeChild(elem);
    });
    find_all('.sortable').forEach(function(elem) {
        var icon = document.createElement("div");
        icon.className = "sort-icon";
        icon.textContent = "vvv";
        elem.insertBefore(icon, elem.firstChild);
        elem.classList.remove("desc", "active");
        elem.classList.add("asc", "inactive");
    });
}

function toggle_sort_states(elem) {
    //if active, toggle between asc and desc
    if (elem.classList.contains('active')) {
        elem.classList.toggle('asc');
        elem.classList.toggle('desc');
    }

    //if inactive, reset all other functions and add ascending active
    if (elem.classList.contains('inactive')) {
        reset_sort_headers();
        elem.classList.remove('inactive');
        elem.classList.add('active');
    }
}

function is_all_rows_hidden(value) {
  return value.hidden == false;
}

function filter_table(elem) {
    var outcome_att = "data-test-result";
    var outcome = elem.getAttribute(outcome_att);
    class_outcome = outcome + " results-table-row";
    var outcome_rows = document.getElementsByClassName(class_outcome);

    for(var i = 0; i < outcome_rows.length; i++){
        outcome_rows[i].hidden = !elem.checked;
    }

    var rows = find_all('.results-table-row').filter(is_all_rows_hidden);
    var all_rows_hidden = rows.length == 0 ? true : false;
    var not_found_message = document.getElementById("not-found-message");
    not_found_message.hidden = !all_rows_hidden;
}
</script>
    <h1>report.html</h1>
    <p>Report generated on 19-Nov-2018 at 16:07:22 by<a href="https://pypi.python.org/pypi/pytest-html"> pytest-html</a> v1.19.0</p>
    <h2>Environment</h2>
    <table id="environment">
      <tr>
        <td>CI</td>
        <td>true</td></tr>
      <tr>
        <td>JAVA_HOME</td>
        <td>/usr/lib/jvm/java-8-oracle</td></tr>
      <tr>
        <td>Packages</td>
        <td>{&apos;pytest&apos;: &apos;3.10.1&apos;, &apos;pluggy&apos;: &apos;0.8.0&apos;, &apos;py&apos;: &apos;1.7.0&apos;}</td></tr>
      <tr>
        <td>Platform</td>
        <td>Linux-4.4.0-101-generic-x86_64-with-debian-jessie-sid</td></tr>
      <tr>
        <td>Plugins</td>
        <td>{&apos;harvest&apos;: &apos;1.0.0&apos;, &apos;html&apos;: &apos;1.19.0&apos;, &apos;cov&apos;: &apos;2.6.0&apos;, &apos;metadata&apos;: &apos;1.7.0&apos;}</td></tr>
      <tr>
        <td>Python</td>
        <td>3.5.6</td></tr>
      <tr>
        <td>TRAVIS_BRANCH</td>
        <td>1.1.0</td></tr>
      <tr>
        <td>TRAVIS_BUILD_ID</td>
        <td>457031130</td></tr>
      <tr>
        <td>TRAVIS_BUILD_NUMBER</td>
        <td>52</td></tr>
      <tr>
        <td>TRAVIS_COMMIT</td>
        <td>439bc586c51428ea91f26a62787ba7724a85cd57</td></tr>
      <tr>
        <td>TRAVIS_COMMIT_MESSAGE</td>
        <td>Fixed imports - new tag 1.1.0</td></tr>
      <tr>
        <td>TRAVIS_EVENT_TYPE</td>
        <td>push</td></tr>
      <tr>
        <td>TRAVIS_JOB_ID</td>
        <td>457031135</td></tr>
      <tr>
        <td>TRAVIS_JOB_NUMBER</td>
        <td>52.5</td></tr>
      <tr>
        <td>TRAVIS_OS_NAME</td>
        <td>linux</td></tr>
      <tr>
        <td>TRAVIS_PULL_REQUEST</td>
        <td>false</td></tr>
      <tr>
        <td>TRAVIS_REPO_SLUG</td>
        <td>smarie/python-pytest-steps</td></tr>
      <tr>
        <td>TRAVIS_SUDO</td>
        <td>true</td></tr>
      <tr>
        <td>TRAVIS_TAG</td>
        <td>1.1.0</td></tr></table>
    <h2>Summary</h2>
    <p>12 tests ran in 1.95 seconds. </p>
    <p class="filter" hidden="true">(Un)check the boxes to filter the results.</p><input checked="true" class="filter" data-test-result="passed" hidden="true" name="filter_checkbox" onChange="filter_table(this)" type="checkbox"/><span class="passed">10 passed</span>, <input checked="true" class="filter" data-test-result="skipped" disabled="true" hidden="true" name="filter_checkbox" onChange="filter_table(this)" type="checkbox"/><span class="skipped">0 skipped</span>, <input checked="true" class="filter" data-test-result="failed" hidden="true" name="filter_checkbox" onChange="filter_table(this)" type="checkbox"/><span class="failed">2 failed</span>, <input checked="true" class="filter" data-test-result="error" disabled="true" hidden="true" name="filter_checkbox" onChange="filter_table(this)" type="checkbox"/><span class="error">0 errors</span>, <input checked="true" class="filter" data-test-result="xfailed" disabled="true" hidden="true" name="filter_checkbox" onChange="filter_table(this)" type="checkbox"/><span class="xfailed">0 expected failures</span>, <input checked="true" class="filter" data-test-result="xpassed" disabled="true" hidden="true" name="filter_checkbox" onChange="filter_table(this)" type="checkbox"/><span class="xpassed">0 unexpected passes</span>
    <h2>Results</h2>
    <table id="results-table">
      <thead id="results-table-head">
        <tr>
          <th class="sortable result initial-sort" col="result">Result</th>
          <th class="sortable" col="name">Test</th>
          <th class="sortable numeric" col="duration">Duration</th>
          <th>Links</th></tr>
        <tr hidden="true" id="not-found-message">
          <th colspan="4">No results found. Try to check the filters</th></tr></thead>
      <tbody class="failed results-table-row">
        <tr>
          <td class="col-result">Failed</td>
          <td class="col-name">pytest_steps/tests/test_all.py::test_run_all_tests[test_steps_harvest.py]</td>
          <td class="col-duration">0.51</td>
          <td class="col-links"></td></tr>
        <tr>
          <td class="extra" colspan="4">
            <div class="log">test_to_run = &#x27;test_steps_harvest.py&#x27;<br/>testdir = &lt;Testdir local(&#x27;/tmp/pytest-of-travis/pytest-0/test_run_all_tests3&#x27;)&gt;<br/><br/>    @pytest.mark.parametrize(&#x27;test_to_run&#x27;, test_files, ids=str)<br/>    def test_run_all_tests(test_to_run, testdir):<br/>        &quot;&quot;&quot;<br/>        This is a meta-test. It is executed for each test file in the &#x27;tests_raw&#x27; folder.<br/>        For each of them, the file is retrieved and the expected test results are read from its first lines.<br/>        Then a dedicated pytest runner is run on this file, and the results are compared with the expected ones.<br/>    <br/>        See https://docs.pytest.org/en/latest/writing_plugins.html<br/>    <br/>        :param test_to_run:<br/>        :param testdir:<br/>        :return:<br/>        &quot;&quot;&quot;<br/>    <br/>        with open(join(tests_raw_folder, test_to_run)) as f:<br/>            # Create a temporary conftest.py file<br/>            # testdir.makeconftest(&quot;&quot;&quot;&quot;&quot;&quot;)<br/>    <br/>            # create a temporary pytest test file<br/>            test_file_contents = f.read()<br/>            testdir.makepyfile(test_file_contents)<br/>    <br/>            # Grab the expected things to check when this is executed<br/>            m = META_REGEX.match(test_file_contents)<br/>            if m is None:<br/>                raise ValueError(&quot;test file &#x27;%s&#x27; does not contain the META-header&quot; % test_to_run)<br/>            asserts_dct_str = m.groupdict()[&#x27;asserts_dct&#x27;]<br/>            asserts_dct = ast.literal_eval(asserts_dct_str)<br/>    <br/>            # Here we run pytest<br/>            print(&quot;\nTesting that running pytest on file %s results in %s&quot; % (test_to_run, str(asserts_dct)))<br/>            result = testdir.runpytest()  # (&quot;-q&quot;)<br/>    <br/>            # Here we check that everything is ok<br/>            try:<br/>                result.assert_outcomes(**asserts_dct)<br/>            except Exception as e:<br/>                print(&quot;Error while asserting that %s results in %s&quot; % (test_to_run, str(asserts_dct)))<br/>&gt;               six.raise_from(e, e)<br/><br/>/home/travis/build/smarie/python-pytest-steps/pytest_steps/tests/test_all.py:60: <br/>_ _ _ _ _ _ _ _ _ _ _ _ _ _ _ _ _ _ _ _ _ _ _ _ _ _ _ _ _ _ _ _ _ _ _ _ _ _ _ _ <br/>&lt;string&gt;:3: in raise_from<br/>    ???<br/>/home/travis/build/smarie/python-pytest-steps/pytest_steps/tests/test_all.py:57: in test_run_all_tests<br/>    result.assert_outcomes(**asserts_dct)<br/>_ _ _ _ _ _ _ _ _ _ _ _ _ _ _ _ _ _ _ _ _ _ _ _ _ _ _ _ _ _ _ _ _ _ _ _ _ _ _ _ <br/><br/>self = &lt;_pytest.pytester.RunResult object at 0x7fb4e63a2320&gt;, passed = 14<br/>skipped = 0, failed = 0, error = 0, xpassed = 0, xfailed = 0<br/><br/>    def assert_outcomes(<br/>        self, passed=0, skipped=0, failed=0, error=0, xpassed=0, xfailed=0<br/>    ):<br/>        &quot;&quot;&quot;Assert that the specified outcomes appear with the respective<br/>        numbers (0 means it didn&#x27;t occur) in the text output from a test run.<br/>    <br/>        &quot;&quot;&quot;<br/>        d = self.parseoutcomes()<br/>        obtained = {<br/>            &quot;passed&quot;: d.get(&quot;passed&quot;, 0),<br/>            &quot;skipped&quot;: d.get(&quot;skipped&quot;, 0),<br/>            &quot;failed&quot;: d.get(&quot;failed&quot;, 0),<br/>            &quot;error&quot;: d.get(&quot;error&quot;, 0),<br/>            &quot;xpassed&quot;: d.get(&quot;xpassed&quot;, 0),<br/>            &quot;xfailed&quot;: d.get(&quot;xfailed&quot;, 0),<br/>        }<br/>        expected = {<br/>            &quot;passed&quot;: passed,<br/>            &quot;skipped&quot;: skipped,<br/>            &quot;failed&quot;: failed,<br/>            &quot;error&quot;: error,<br/>            &quot;xpassed&quot;: xpassed,<br/>            &quot;xfailed&quot;: xfailed,<br/>        }<br/>&gt;       assert obtained == expected<br/><span class="error">E       AssertionError: assert {&#x27;error&#x27;: 0, &#x27;failed&#x27;: 1, &#x27;passed&#x27;: 13, &#x27;skipped&#x27;: 0, ...} == {&#x27;error&#x27;: 0, &#x27;failed&#x27;: 0, &#x27;passed&#x27;: 14, &#x27;skipped&#x27;: 0, ...}</span><br/><br/>/home/travis/miniconda/envs/test-environment/lib/python3.5/site-packages/_pytest/pytester.py:444: AssertionError<br/>----------------------------- Captured stdout call -----------------------------<br/>
Testing that running pytest on file test_steps_harvest.py results in {&#x27;failed&#x27;: 0, &#x27;passed&#x27;: 14, &#x27;skipped&#x27;: 0}
============================= test session starts ==============================
platform linux -- Python 3.5.6, pytest-3.10.1, py-1.7.0, pluggy-0.8.0
rootdir: /tmp/pytest-of-travis/pytest-0/test_run_all_tests3, inifile:
plugins: metadata-1.7.0, html-1.19.0, harvest-1.0.0, cov-2.6.0
collected 14 items

test_run_all_tests.py .F............                                     [100%]

=================================== FAILURES ===================================
________________________________ test_synthesis ________________________________

request = &lt;FixtureRequest for &lt;Function &#x27;test_synthesis&#x27;&gt;&gt;
store = OrderedDict()

    def test_synthesis(request, store):
        &quot;&quot;&quot;
        Note: we could do this at many other places (hook, teardown of a session-scope fixture...)
    
        Note2: we could provide helper methods in pytest_harvest to perform the code below more easily
        :param request:
        :param store:
        :return:
        &quot;&quot;&quot;
        # Get session synthesis
        # - filtered on the test function of interest
        # - combined with our store
        results_dct = get_session_synthesis_dct(request.session, filter=test_synthesis.__module__,
                                                durations_in_ms=True, test_id_format=&#x27;function&#x27;, status_details=False,
                                                fixture_store=store, flatten=True, flatten_more=&#x27;my_results&#x27;)
    
        # print keys and first node details
        assert len(results_dct) &gt; 0
        print(&quot;\nKeys:\n&quot; + &quot;\n&quot;.join(list(results_dct.keys())))
        print(&quot;\nFirst node:\n&quot; + &quot;\n&quot;.join(repr(k) + &quot;: &quot; + repr(v) for k, v in list(results_dct.values())[0].items()))
    
        # ---------- First version &quot;all by dataframe processing&quot; -----------
        param_names = {&#x27;algo_param&#x27;, &#x27;dataset&#x27;}
&gt;       tmp_df = build_df_from_raw_synthesis(results_dct, cross_steps_columns=param_names)

test_run_all_tests.py:114: 
_ _ _ _ _ _ _ _ _ _ _ _ _ _ _ _ _ _ _ _ _ _ _ _ _ _ _ _ _ _ _ _ _ _ _ _ _ _ _ _ 

results_dct = OrderedDict([(&#x27;test_basic&#x27;, OrderedDict([(&#x27;pytest_obj&#x27;, &lt;function test_basic at 0x7fb4d28d01e0&gt;), (&#x27;status&#x27;, &#x27;passed&#x27;), (&#x27;duration_ms&#x27;, 0.209808349609375)]))])
cross_steps_columns = {&#x27;algo_param&#x27;, &#x27;dataset&#x27;}

    def build_df_from_raw_synthesis(results_dct, cross_steps_columns):
        &quot;&quot;&quot;
        Converts the &#x27;raw&#x27; synthesis dct into a pivoted dataframe where steps are a level in multilevel columns
    
        :param results_dct:
        :return:
        &quot;&quot;&quot;
        # convert to a pandas dataframe
        results_df = pd.DataFrame.from_dict(results_dct, orient=&#x27;index&#x27;)  # this does not preserve rows order
        results_df = results_df.loc[list(results_dct.keys()), :]          # update rows order
    
        # (a) rename step id
        results_df.rename(columns={GENERATOR_MODE_STEP_ARGNAME: &#x27;step_id&#x27;}, inplace=True)
    
        # (b) create a column with the new id and use it as index in combination with step id
        # -- check column names provided
        non_present = set(cross_steps_columns) - set(results_df.columns)
        if len(non_present) &gt; 0:
            raise ValueError(&quot;Columns %s are not present in the resulting dataframe. Available columns: %s&quot;
&gt;                            &quot;&quot; % (non_present, list(results_df.columns)))
E           ValueError: Columns {&#x27;dataset&#x27;, &#x27;algo_param&#x27;} are not present in the resulting dataframe. Available columns: [&#x27;pytest_obj&#x27;, &#x27;status&#x27;, &#x27;duration_ms&#x27;]

test_run_all_tests.py:170: ValueError
----------------------------- Captured stdout call -----------------------------

Keys:
test_basic

First node:
&#x27;pytest_obj&#x27;: &lt;function test_basic at 0x7fb4d28d01e0&gt;
&#x27;status&#x27;: &#x27;passed&#x27;
&#x27;duration_ms&#x27;: 0.209808349609375
=============================== warnings summary ===============================
test_run_all_tests.py::test_synthesis
  /home/travis/miniconda/envs/test-environment/lib/python3.5/site-packages/pytest_harvest/results_session.py:341: UserWarning: [pytest-harvest] Test items status is not available. You should maybe install pytest-harvest with pip. If it is already the case, you case try to force-use it by adding `pytest_plugins = [&#x27;harvest&#x27;]` to your conftest.py. But for normal use this should not be required, installing with pip should be enough.
    warn(&quot;[pytest-harvest] Test items status is not available. You should maybe install pytest-harvest with &quot;

-- Docs: https://docs.pytest.org/en/latest/warnings.html
=============== 1 failed, 13 passed, 1 warnings in 0.47 seconds ================
Error while asserting that test_steps_harvest.py results in {&#x27;failed&#x27;: 0, &#x27;passed&#x27;: 14, &#x27;skipped&#x27;: 0}
</div></td></tr></tbody>
      <tbody class="failed results-table-row">
        <tr>
          <td class="col-result">Failed</td>
          <td class="col-name">pytest_steps/tests/test_all.py::test_run_all_tests[test_docs_example_with_harvest.py]</td>
          <td class="col-duration">0.37</td>
          <td class="col-links"></td></tr>
        <tr>
          <td class="extra" colspan="4">
            <div class="log">test_to_run = &#x27;test_docs_example_with_harvest.py&#x27;<br/>testdir = &lt;Testdir local(&#x27;/tmp/pytest-of-travis/pytest-0/test_run_all_tests7&#x27;)&gt;<br/><br/>    @pytest.mark.parametrize(&#x27;test_to_run&#x27;, test_files, ids=str)<br/>    def test_run_all_tests(test_to_run, testdir):<br/>        &quot;&quot;&quot;<br/>        This is a meta-test. It is executed for each test file in the &#x27;tests_raw&#x27; folder.<br/>        For each of them, the file is retrieved and the expected test results are read from its first lines.<br/>        Then a dedicated pytest runner is run on this file, and the results are compared with the expected ones.<br/>    <br/>        See https://docs.pytest.org/en/latest/writing_plugins.html<br/>    <br/>        :param test_to_run:<br/>        :param testdir:<br/>        :return:<br/>        &quot;&quot;&quot;<br/>    <br/>        with open(join(tests_raw_folder, test_to_run)) as f:<br/>            # Create a temporary conftest.py file<br/>            # testdir.makeconftest(&quot;&quot;&quot;&quot;&quot;&quot;)<br/>    <br/>            # create a temporary pytest test file<br/>            test_file_contents = f.read()<br/>            testdir.makepyfile(test_file_contents)<br/>    <br/>            # Grab the expected things to check when this is executed<br/>            m = META_REGEX.match(test_file_contents)<br/>            if m is None:<br/>                raise ValueError(&quot;test file &#x27;%s&#x27; does not contain the META-header&quot; % test_to_run)<br/>            asserts_dct_str = m.groupdict()[&#x27;asserts_dct&#x27;]<br/>            asserts_dct = ast.literal_eval(asserts_dct_str)<br/>    <br/>            # Here we run pytest<br/>            print(&quot;\nTesting that running pytest on file %s results in %s&quot; % (test_to_run, str(asserts_dct)))<br/>            result = testdir.runpytest()  # (&quot;-q&quot;)<br/>    <br/>            # Here we check that everything is ok<br/>            try:<br/>                result.assert_outcomes(**asserts_dct)<br/>            except Exception as e:<br/>                print(&quot;Error while asserting that %s results in %s&quot; % (test_to_run, str(asserts_dct)))<br/>&gt;               six.raise_from(e, e)<br/><br/>/home/travis/build/smarie/python-pytest-steps/pytest_steps/tests/test_all.py:60: <br/>_ _ _ _ _ _ _ _ _ _ _ _ _ _ _ _ _ _ _ _ _ _ _ _ _ _ _ _ _ _ _ _ _ _ _ _ _ _ _ _ <br/>&lt;string&gt;:3: in raise_from<br/>    ???<br/>/home/travis/build/smarie/python-pytest-steps/pytest_steps/tests/test_all.py:57: in test_run_all_tests<br/>    result.assert_outcomes(**asserts_dct)<br/>_ _ _ _ _ _ _ _ _ _ _ _ _ _ _ _ _ _ _ _ _ _ _ _ _ _ _ _ _ _ _ _ _ _ _ _ _ _ _ _ <br/><br/>self = &lt;_pytest.pytester.RunResult object at 0x7fb4d25c1f98&gt;, passed = 13<br/>skipped = 0, failed = 0, error = 0, xpassed = 0, xfailed = 0<br/><br/>    def assert_outcomes(<br/>        self, passed=0, skipped=0, failed=0, error=0, xpassed=0, xfailed=0<br/>    ):<br/>        &quot;&quot;&quot;Assert that the specified outcomes appear with the respective<br/>        numbers (0 means it didn&#x27;t occur) in the text output from a test run.<br/>    <br/>        &quot;&quot;&quot;<br/>        d = self.parseoutcomes()<br/>        obtained = {<br/>            &quot;passed&quot;: d.get(&quot;passed&quot;, 0),<br/>            &quot;skipped&quot;: d.get(&quot;skipped&quot;, 0),<br/>            &quot;failed&quot;: d.get(&quot;failed&quot;, 0),<br/>            &quot;error&quot;: d.get(&quot;error&quot;, 0),<br/>            &quot;xpassed&quot;: d.get(&quot;xpassed&quot;, 0),<br/>            &quot;xfailed&quot;: d.get(&quot;xfailed&quot;, 0),<br/>        }<br/>        expected = {<br/>            &quot;passed&quot;: passed,<br/>            &quot;skipped&quot;: skipped,<br/>            &quot;failed&quot;: failed,<br/>            &quot;error&quot;: error,<br/>            &quot;xpassed&quot;: xpassed,<br/>            &quot;xfailed&quot;: xfailed,<br/>        }<br/>&gt;       assert obtained == expected<br/><span class="error">E       AssertionError: assert {&#x27;error&#x27;: 0, &#x27;failed&#x27;: 1, &#x27;passed&#x27;: 12, &#x27;skipped&#x27;: 0, ...} == {&#x27;error&#x27;: 0, &#x27;failed&#x27;: 0, &#x27;passed&#x27;: 13, &#x27;skipped&#x27;: 0, ...}</span><br/><br/>/home/travis/miniconda/envs/test-environment/lib/python3.5/site-packages/_pytest/pytester.py:444: AssertionError<br/>----------------------------- Captured stdout call -----------------------------<br/>
Testing that running pytest on file test_docs_example_with_harvest.py results in {&#x27;failed&#x27;: 0, &#x27;passed&#x27;: 13, &#x27;skipped&#x27;: 0}
============================= test session starts ==============================
platform linux -- Python 3.5.6, pytest-3.10.1, py-1.7.0, pluggy-0.8.0
rootdir: /tmp/pytest-of-travis/pytest-0/test_run_all_tests7, inifile:
plugins: metadata-1.7.0, html-1.19.0, harvest-1.0.0, cov-2.6.0
collected 13 items

test_run_all_tests.py F............                                      [100%]

=================================== FAILURES ===================================
________________________________ test_synthesis ________________________________

request = &lt;FixtureRequest for &lt;Function &#x27;test_synthesis&#x27;&gt;&gt;
store = OrderedDict()

    def test_synthesis(request, store):
        &quot;&quot;&quot;
        Note: we could do this at many other places (hook, teardown of a session-scope fixture...)
    
        Note2: we could provide helper methods in pytest_harvest to perform the code below more easily
        :param request:
        :param store:
        :return:
        &quot;&quot;&quot;
        # Get session synthesis using `pytest-harvest`
        # - filtered on the test function of interest
        # - combined with our store
        results_dct = get_session_synthesis_dct(request.session, filter=test_synthesis.__module__,
                                                durations_in_ms=True, test_id_format=&#x27;function&#x27;, status_details=False,
                                                fixture_store=store, flatten=True, flatten_more=&#x27;my_results&#x27;)
        # separate test id from step id when needed
        results_dct = handle_steps_in_synthesis_dct(results_dct, is_flat=True)
    
        # print keys and first node details
        print(&quot;\nKeys:\n&quot; + &quot;\n&quot;.join([str(t) for t in results_dct.keys()]))
&gt;       print(&quot;\nFirst node:\n&quot; + &quot;\n&quot;.join(repr(k) + &quot;: &quot; + repr(v) for k, v in list(results_dct.values())[0].items()))
E       IndexError: list index out of range

test_run_all_tests.py:92: IndexError
----------------------------- Captured stdout call -----------------------------

Keys:

=============================== warnings summary ===============================
test_run_all_tests.py::test_synthesis
  /home/travis/miniconda/envs/test-environment/lib/python3.5/site-packages/pytest_harvest/results_session.py:341: UserWarning: [pytest-harvest] Test items status is not available. You should maybe install pytest-harvest with pip. If it is already the case, you case try to force-use it by adding `pytest_plugins = [&#x27;harvest&#x27;]` to your conftest.py. But for normal use this should not be required, installing with pip should be enough.
    warn(&quot;[pytest-harvest] Test items status is not available. You should maybe install pytest-harvest with &quot;

-- Docs: https://docs.pytest.org/en/latest/warnings.html
=============== 1 failed, 12 passed, 1 warnings in 0.33 seconds ================
Error while asserting that test_docs_example_with_harvest.py results in {&#x27;failed&#x27;: 0, &#x27;passed&#x27;: 13, &#x27;skipped&#x27;: 0}
</div></td></tr></tbody>
      <tbody class="passed results-table-row">
        <tr>
          <td class="col-result">Passed</td>
          <td class="col-name">pytest_steps/tests/test_all.py::test_run_all_tests[test_steps_with_results_complex.py]</td>
          <td class="col-duration">0.10</td>
          <td class="col-links"></td></tr>
        <tr>
          <td class="extra" colspan="4">
            <div class="log">----------------------------- Captured stdout call -----------------------------<br/>
Testing that running pytest on file test_steps_with_results_complex.py results in {&#x27;failed&#x27;: 0, &#x27;passed&#x27;: 16, &#x27;skipped&#x27;: 0}
============================= test session starts ==============================
platform linux -- Python 3.5.6, pytest-3.10.1, py-1.7.0, pluggy-0.8.0
rootdir: /tmp/pytest-of-travis/pytest-0/test_run_all_tests0, inifile:
plugins: metadata-1.7.0, html-1.19.0, harvest-1.0.0, cov-2.6.0
collected 16 items

test_run_all_tests.py ................                                   [100%]

========================== 16 passed in 0.06 seconds ===========================
</div></td></tr></tbody>
      <tbody class="passed results-table-row">
        <tr>
          <td class="col-result">Passed</td>
          <td class="col-name">pytest_steps/tests/test_all.py::test_run_all_tests[test_wrapped_in_class.py]</td>
          <td class="col-duration">0.06</td>
          <td class="col-links"></td></tr>
        <tr>
          <td class="extra" colspan="4">
            <div class="log">----------------------------- Captured stdout call -----------------------------<br/>
Testing that running pytest on file test_wrapped_in_class.py results in {&#x27;failed&#x27;: 0, &#x27;passed&#x27;: 1, &#x27;skipped&#x27;: 0}
============================= test session starts ==============================
platform linux -- Python 3.5.6, pytest-3.10.1, py-1.7.0, pluggy-0.8.0
rootdir: /tmp/pytest-of-travis/pytest-0/test_run_all_tests1, inifile:
plugins: metadata-1.7.0, html-1.19.0, harvest-1.0.0, cov-2.6.0
collected 1 item

test_run_all_tests.py .                                                  [100%]

=========================== 1 passed in 0.02 seconds ===========================
</div></td></tr></tbody>
      <tbody class="passed results-table-row">
        <tr>
          <td class="col-result">Passed</td>
          <td class="col-name">pytest_steps/tests/test_all.py::test_run_all_tests[test_stackoverflow.py]</td>
          <td class="col-duration">0.06</td>
          <td class="col-links"></td></tr>
        <tr>
          <td class="extra" colspan="4">
            <div class="log">----------------------------- Captured stdout call -----------------------------<br/>
Testing that running pytest on file test_stackoverflow.py results in {&#x27;failed&#x27;: 0, &#x27;passed&#x27;: 3, &#x27;skipped&#x27;: 0}
============================= test session starts ==============================
platform linux -- Python 3.5.6, pytest-3.10.1, py-1.7.0, pluggy-0.8.0
rootdir: /tmp/pytest-of-travis/pytest-0/test_run_all_tests2, inifile:
plugins: metadata-1.7.0, html-1.19.0, harvest-1.0.0, cov-2.6.0
collected 3 items

test_run_all_tests.py ...                                                [100%]

=========================== 3 passed in 0.02 seconds ===========================
</div></td></tr></tbody>
      <tbody class="passed results-table-row">
        <tr>
          <td class="col-result">Passed</td>
          <td class="col-name">pytest_steps/tests/test_all.py::test_run_all_tests[test_steps_new_with_generator.py]</td>
          <td class="col-duration">0.16</td>
          <td class="col-links"></td></tr>
        <tr>
          <td class="extra" colspan="4">
            <div class="log">----------------------------- Captured stdout call -----------------------------<br/>
Testing that running pytest on file test_steps_new_with_generator.py results in {&#x27;failed&#x27;: 2, &#x27;passed&#x27;: 12, &#x27;skipped&#x27;: 2}
============================= test session starts ==============================
platform linux -- Python 3.5.6, pytest-3.10.1, py-1.7.0, pluggy-0.8.0
rootdir: /tmp/pytest-of-travis/pytest-0/test_run_all_tests4, inifile:
plugins: metadata-1.7.0, html-1.19.0, harvest-1.0.0, cov-2.6.0
collected 16 items

test_run_all_tests.py ......Fs.Fs.....                                   [100%]

=================================== FAILURES ===================================
________________ test_suite_exception_on_mandatory_step[step_b] ________________

________step_name_ = &#x27;step_b&#x27;
request = &lt;FixtureRequest for &lt;Function &#x27;test_suite_exception_on_mandatory_step[step_b]&#x27;&gt;&gt;

&gt;   ???

&lt;decorator-gen-7&gt;:2: 
_ _ _ _ _ _ _ _ _ _ _ _ _ _ _ _ _ _ _ _ _ _ _ _ _ _ _ _ _ _ _ _ _ _ _ _ _ _ _ _ 
/home/travis/build/smarie/python-pytest-steps/pytest_steps/decorator_hack.py:154: in caller
    **kwargs)
/home/travis/build/smarie/python-pytest-steps/pytest_steps/steps_generator.py:431: in step_function_wrapper
    steps_monitor.execute(step_name, *args, **kwargs)
/home/travis/build/smarie/python-pytest-steps/pytest_steps/steps_generator.py:270: in execute
    res = next(self.gen)
_ _ _ _ _ _ _ _ _ _ _ _ _ _ _ _ _ _ _ _ _ _ _ _ _ _ _ _ _ _ _ _ _ _ _ _ _ _ _ _ 

    @test_steps(&#x27;step_a&#x27;, &#x27;step_b&#x27;, &#x27;step_c&#x27;)
    def test_suite_exception_on_mandatory_step():
        &quot;&quot;&quot; &quot;&quot;&quot;
    
        # Step A
        print(&quot;step a&quot;)
        assert not False  # replace with your logic
        yield &#x27;step_a&#x27;
    
        # Step B
        print(&quot;step b&quot;)
&gt;       assert False  # replace with your logic
E       assert False

test_run_all_tests.py:43: AssertionError
----------------------------- Captured stdout call -----------------------------
step b
_______________ test_suite_optional_and_dependent_steps[step_b] ________________

________step_name_ = &#x27;step_b&#x27;
request = &lt;FixtureRequest for &lt;Function &#x27;test_suite_optional_and_dependent_steps[step_b]&#x27;&gt;&gt;

&gt;   ???

&lt;decorator-gen-8&gt;:2: 
_ _ _ _ _ _ _ _ _ _ _ _ _ _ _ _ _ _ _ _ _ _ _ _ _ _ _ _ _ _ _ _ _ _ _ _ _ _ _ _ 
/home/travis/build/smarie/python-pytest-steps/pytest_steps/decorator_hack.py:154: in caller
    **kwargs)
/home/travis/build/smarie/python-pytest-steps/pytest_steps/steps_generator.py:431: in step_function_wrapper
    steps_monitor.execute(step_name, *args, **kwargs)
/home/travis/build/smarie/python-pytest-steps/pytest_steps/steps_generator.py:292: in execute
    raise six.reraise(res.exec_result.exc_type, res.exec_result.exc_val, res.exec_result.tb)
/home/travis/miniconda/envs/test-environment/lib/python3.5/site-packages/six.py:693: in reraise
    raise value
_ _ _ _ _ _ _ _ _ _ _ _ _ _ _ _ _ _ _ _ _ _ _ _ _ _ _ _ _ _ _ _ _ _ _ _ _ _ _ _ 

    @test_steps(&#x27;step_a&#x27;, &#x27;step_b&#x27;, &#x27;step_c&#x27;, &#x27;step_d&#x27;)
    def test_suite_optional_and_dependent_steps():
        &quot;&quot;&quot; &quot;&quot;&quot;
    
        # Step A
        print(&quot;step a&quot;)
        assert not False
        yield &#x27;step_a&#x27;
    
        # Step B
        with optional_step(&#x27;step_b&#x27;) as step_b:
            print(&quot;step b&quot;)
&gt;           assert False
E           assert False

test_run_all_tests.py:64: AssertionError
----------------------------- Captured stdout call -----------------------------
step b
================ 2 failed, 12 passed, 2 skipped in 0.12 seconds ================
</div></td></tr></tbody>
      <tbody class="passed results-table-row">
        <tr>
          <td class="col-result">Passed</td>
          <td class="col-name">pytest_steps/tests/test_all.py::test_run_all_tests[test_pytest_capabilities.py]</td>
          <td class="col-duration">0.09</td>
          <td class="col-links"></td></tr>
        <tr>
          <td class="extra" colspan="4">
            <div class="log">----------------------------- Captured stdout call -----------------------------<br/>
Testing that running pytest on file test_pytest_capabilities.py results in {&#x27;failed&#x27;: 0, &#x27;passed&#x27;: 16, &#x27;skipped&#x27;: 0}
============================= test session starts ==============================
platform linux -- Python 3.5.6, pytest-3.10.1, py-1.7.0, pluggy-0.8.0
rootdir: /tmp/pytest-of-travis/pytest-0/test_run_all_tests5, inifile:
plugins: metadata-1.7.0, html-1.19.0, harvest-1.0.0, cov-2.6.0
collected 16 items

test_run_all_tests.py ................                                   [100%]

========================== 16 passed in 0.05 seconds ===========================
</div></td></tr></tbody>
      <tbody class="passed results-table-row">
        <tr>
          <td class="col-result">Passed</td>
          <td class="col-name">pytest_steps/tests/test_all.py::test_run_all_tests[test_steps_with_results_basic.py]</td>
          <td class="col-duration">0.06</td>
          <td class="col-links"></td></tr>
        <tr>
          <td class="extra" colspan="4">
            <div class="log">----------------------------- Captured stdout call -----------------------------<br/>
Testing that running pytest on file test_steps_with_results_basic.py results in {&#x27;failed&#x27;: 0, &#x27;passed&#x27;: 4, &#x27;skipped&#x27;: 0}
============================= test session starts ==============================
platform linux -- Python 3.5.6, pytest-3.10.1, py-1.7.0, pluggy-0.8.0
rootdir: /tmp/pytest-of-travis/pytest-0/test_run_all_tests6, inifile:
plugins: metadata-1.7.0, html-1.19.0, harvest-1.0.0, cov-2.6.0
collected 4 items

test_run_all_tests.py ....                                               [100%]

=========================== 4 passed in 0.02 seconds ===========================
</div></td></tr></tbody>
      <tbody class="passed results-table-row">
        <tr>
          <td class="col-result">Passed</td>
          <td class="col-name">pytest_steps/tests/test_all.py::test_run_all_tests[test_steps_no_results.py]</td>
          <td class="col-duration">0.06</td>
          <td class="col-links"></td></tr>
        <tr>
          <td class="extra" colspan="4">
            <div class="log">----------------------------- Captured stdout call -----------------------------<br/>
Testing that running pytest on file test_steps_no_results.py results in {&#x27;failed&#x27;: 0, &#x27;passed&#x27;: 4, &#x27;skipped&#x27;: 0}
============================= test session starts ==============================
platform linux -- Python 3.5.6, pytest-3.10.1, py-1.7.0, pluggy-0.8.0
rootdir: /tmp/pytest-of-travis/pytest-0/test_run_all_tests8, inifile:
plugins: metadata-1.7.0, html-1.19.0, harvest-1.0.0, cov-2.6.0
collected 4 items

test_run_all_tests.py ....                                               [100%]

=========================== 4 passed in 0.02 seconds ===========================
</div></td></tr></tbody>
      <tbody class="passed results-table-row">
        <tr>
          <td class="col-result">Passed</td>
          <td class="col-name">pytest_steps/tests/test_all.py::test_run_all_tests[test_decorator.py]</td>
          <td class="col-duration">0.06</td>
          <td class="col-links"></td></tr>
        <tr>
          <td class="extra" colspan="4">
            <div class="log">----------------------------- Captured stdout call -----------------------------<br/>
Testing that running pytest on file test_decorator.py results in {&#x27;failed&#x27;: 0, &#x27;passed&#x27;: 4, &#x27;skipped&#x27;: 0}
============================= test session starts ==============================
platform linux -- Python 3.5.6, pytest-3.10.1, py-1.7.0, pluggy-0.8.0
rootdir: /tmp/pytest-of-travis/pytest-0/test_run_all_tests9, inifile:
plugins: metadata-1.7.0, html-1.19.0, harvest-1.0.0, cov-2.6.0
collected 4 items

test_run_all_tests.py ....                                               [100%]

=========================== 4 passed in 0.03 seconds ===========================
</div></td></tr></tbody>
      <tbody class="passed results-table-row">
        <tr>
          <td class="col-result">Passed</td>
          <td class="col-name">pytest_steps/tests/test_all.py::test_run_all_tests[test_steps_dependencies.py]</td>
          <td class="col-duration">0.09</td>
          <td class="col-links"></td></tr>
        <tr>
          <td class="extra" colspan="4">
            <div class="log">----------------------------- Captured stdout call -----------------------------<br/>
Testing that running pytest on file test_steps_dependencies.py results in {&#x27;failed&#x27;: 2, &#x27;passed&#x27;: 3, &#x27;skipped&#x27;: 1}
============================= test session starts ==============================
platform linux -- Python 3.5.6, pytest-3.10.1, py-1.7.0, pluggy-0.8.0
rootdir: /tmp/pytest-of-travis/pytest-0/test_run_all_tests10, inifile:
plugins: metadata-1.7.0, html-1.19.0, harvest-1.0.0, cov-2.6.0
collected 6 items

test_run_all_tests.py .F..Fs                                             [100%]

=================================== FAILURES ===================================
_____________________________ test_suite_1[step_b] _____________________________

test_step = &#x27;step_b&#x27;

    @test_steps(&#x27;step_a&#x27;, &#x27;step_b&#x27;, &#x27;step_c&#x27;)
    def test_suite_1(test_step):
        &quot;&quot;&quot; In this test suite the last step can &quot;see&quot; the dependency so it is still executed ...&quot;&quot;&quot;
        # Execute the step according to name
        if test_step == &#x27;step_a&#x27;:
            step_a()
        elif test_step == &#x27;step_b&#x27;:
&gt;           step_b()

test_run_all_tests.py:47: 
_ _ _ _ _ _ _ _ _ _ _ _ _ _ _ _ _ _ _ _ _ _ _ _ _ _ _ _ _ _ _ _ _ _ _ _ _ _ _ _ 

    def step_b():
        &quot;&quot;&quot; Step a of the test &quot;&quot;&quot;
    
        # perform this step
        print(&quot;step b&quot;)
&gt;       assert False
E       assert False

test_run_all_tests.py:20: AssertionError
----------------------------- Captured stdout call -----------------------------
step b
________________________ test_suite_no_results[step_b] _________________________

test_step = &lt;function step_b at 0x7fb4d1d1a598&gt;
request = &lt;FixtureRequest for &lt;Function &#x27;test_suite_no_results[step_b]&#x27;&gt;&gt;

&gt;   ???

&lt;decorator-gen-19&gt;:2: 
_ _ _ _ _ _ _ _ _ _ _ _ _ _ _ _ _ _ _ _ _ _ _ _ _ _ _ _ _ _ _ _ _ _ _ _ _ _ _ _ 
/home/travis/build/smarie/python-pytest-steps/pytest_steps/decorator_hack.py:154: in caller
    **kwargs)
/home/travis/build/smarie/python-pytest-steps/pytest_steps/steps_parametrizer.py:159: in dependency_mgr_wrapper
    res = test_func(*args, **kwargs)
test_run_all_tests.py:37: in test_suite_no_results
    test_step()
_ _ _ _ _ _ _ _ _ _ _ _ _ _ _ _ _ _ _ _ _ _ _ _ _ _ _ _ _ _ _ _ _ _ _ _ _ _ _ _ 

    def step_b():
        &quot;&quot;&quot; Step a of the test &quot;&quot;&quot;
    
        # perform this step
        print(&quot;step b&quot;)
&gt;       assert False
E       assert False

test_run_all_tests.py:20: AssertionError
----------------------------- Captured stdout call -----------------------------
step b
================ 2 failed, 3 passed, 1 skipped in 0.05 seconds =================
</div></td></tr></tbody>
      <tbody class="passed results-table-row">
        <tr>
          <td class="col-result">Passed</td>
          <td class="col-name">pytest_steps/tests/test_all.py::test_run_all_tests[test_stackoverflow2.py]</td>
          <td class="col-duration">0.06</td>
          <td class="col-links"></td></tr>
        <tr>
          <td class="extra" colspan="4">
            <div class="log">----------------------------- Captured stdout call -----------------------------<br/>
Testing that running pytest on file test_stackoverflow2.py results in {&#x27;failed&#x27;: 0, &#x27;passed&#x27;: 3, &#x27;skipped&#x27;: 0}
============================= test session starts ==============================
platform linux -- Python 3.5.6, pytest-3.10.1, py-1.7.0, pluggy-0.8.0
rootdir: /tmp/pytest-of-travis/pytest-0/test_run_all_tests11, inifile:
plugins: metadata-1.7.0, html-1.19.0, harvest-1.0.0, cov-2.6.0
collected 3 items

test_run_all_tests.py ...                                                [100%]

=========================== 3 passed in 0.02 seconds ===========================
</div></td></tr></tbody></table></body></html>